<?xml version="1.0" encoding="UTF-8" standalone="no"?>
<testsuite errors="0" failures="5" name="io.cucumber.core.plugin.JUnitFormatter" skipped="0" tests="5" time="6.502">
    <testcase classname="Add Remove Elements" name="Add element and verify delete button" time="2.836">
        <failure message="Could not start a new session. Response code 500. Message: session not created&#10;from unknown error: no chrome binary at /usr/bin/google-chrome&#10;Build info: version: '4.0.0', revision: '3a21814679'&#10;System info: host: 'codespaces-49cf94', ip: '127.0.0.1', os.name: 'Linux', os.arch: 'amd64', os.version: '6.8.0-1044-azure', java.version: '25.0.2'&#10;Driver info: org.openqa.selenium.chrome.ChromeDriver&#10;Command: [null, newSession {capabilities=[Capabilities {browserName: chrome, goog:chromeOptions: {args: [--headless, --no-sandbox], binary: /usr/bin/google-chrome, extensions: []}}], desiredCapabilities=Capabilities {browserName: chrome, goog:chromeOptions: {args: [--headless, --no-sandbox], binary: /usr/bin/google-chrome, extensions: []}}}]" type="org.openqa.selenium.SessionNotCreatedException"><![CDATA[Given I open the add remove page............................................skipped
When I click the Add Element button.........................................skipped
Then the Delete button should appear........................................skipped

StackTrace:
org.openqa.selenium.SessionNotCreatedException: Could not start a new session. Response code 500. Message: session not created
from unknown error: no chrome binary at /usr/bin/google-chrome
Build info: version: '4.0.0', revision: '3a21814679'
System info: host: 'codespaces-49cf94', ip: '127.0.0.1', os.name: 'Linux', os.arch: 'amd64', os.version: '6.8.0-1044-azure', java.version: '25.0.2'
Driver info: org.openqa.selenium.chrome.ChromeDriver
Command: [null, newSession {capabilities=[Capabilities {browserName: chrome, goog:chromeOptions: {args: [--headless, --no-sandbox], binary: /usr/bin/google-chrome, extensions: []}}], desiredCapabilities=Capabilities {browserName: chrome, goog:chromeOptions: {args: [--headless, --no-sandbox], binary: /usr/bin/google-chrome, extensions: []}}}]
	at org.openqa.selenium.remote.ProtocolHandshake.createSession(ProtocolHandshake.java:126)
	at org.openqa.selenium.remote.ProtocolHandshake.createSession(ProtocolHandshake.java:84)
	at org.openqa.selenium.remote.ProtocolHandshake.createSession(ProtocolHandshake.java:62)
	at org.openqa.selenium.remote.HttpCommandExecutor.execute(HttpCommandExecutor.java:156)
	at org.openqa.selenium.remote.service.DriverCommandExecutor.invokeExecute(DriverCommandExecutor.java:164)
	at org.openqa.selenium.remote.service.DriverCommandExecutor.execute(DriverCommandExecutor.java:139)
	at org.openqa.selenium.remote.RemoteWebDriver.execute(RemoteWebDriver.java:559)
	at org.openqa.selenium.remote.RemoteWebDriver.startSession(RemoteWebDriver.java:246)
	at org.openqa.selenium.remote.RemoteWebDriver.<init>(RemoteWebDriver.java:168)
	at org.openqa.selenium.chromium.ChromiumDriver.<init>(ChromiumDriver.java:108)
	at org.openqa.selenium.chrome.ChromeDriver.<init>(ChromeDriver.java:104)
	at org.openqa.selenium.chrome.ChromeDriver.<init>(ChromeDriver.java:91)
	at org.openqa.selenium.chrome.ChromeDriver.<init>(ChromeDriver.java:80)
	at steps.AlertSteps.setUp(AlertSteps.java:27)
]]></failure>
    </testcase>
    <testcase classname="JavaScript Alerts" name="Accept JS alert" time="0.782">
        <failure message="Could not start a new session. Response code 500. Message: session not created&#10;from unknown error: no chrome binary at /usr/bin/google-chrome&#10;Build info: version: '4.0.0', revision: '3a21814679'&#10;System info: host: 'codespaces-49cf94', ip: '127.0.0.1', os.name: 'Linux', os.arch: 'amd64', os.version: '6.8.0-1044-azure', java.version: '25.0.2'&#10;Driver info: org.openqa.selenium.chrome.ChromeDriver&#10;Command: [null, newSession {capabilities=[Capabilities {browserName: chrome, goog:chromeOptions: {args: [--headless, --no-sandbox], binary: /usr/bin/google-chrome, extensions: []}}], desiredCapabilities=Capabilities {browserName: chrome, goog:chromeOptions: {args: [--headless, --no-sandbox], binary: /usr/bin/google-chrome, extensions: []}}}]" type="org.openqa.selenium.SessionNotCreatedException"><![CDATA[Given I open the alerts page................................................skipped
When I click the JS Alert button............................................skipped
Then I accept the alert.....................................................skipped

StackTrace:
org.openqa.selenium.SessionNotCreatedException: Could not start a new session. Response code 500. Message: session not created
from unknown error: no chrome binary at /usr/bin/google-chrome
Build info: version: '4.0.0', revision: '3a21814679'
System info: host: 'codespaces-49cf94', ip: '127.0.0.1', os.name: 'Linux', os.arch: 'amd64', os.version: '6.8.0-1044-azure', java.version: '25.0.2'
Driver info: org.openqa.selenium.chrome.ChromeDriver
Command: [null, newSession {capabilities=[Capabilities {browserName: chrome, goog:chromeOptions: {args: [--headless, --no-sandbox], binary: /usr/bin/google-chrome, extensions: []}}], desiredCapabilities=Capabilities {browserName: chrome, goog:chromeOptions: {args: [--headless, --no-sandbox], binary: /usr/bin/google-chrome, extensions: []}}}]
	at org.openqa.selenium.remote.ProtocolHandshake.createSession(ProtocolHandshake.java:126)
	at org.openqa.selenium.remote.ProtocolHandshake.createSession(ProtocolHandshake.java:84)
	at org.openqa.selenium.remote.ProtocolHandshake.createSession(ProtocolHandshake.java:62)
	at org.openqa.selenium.remote.HttpCommandExecutor.execute(HttpCommandExecutor.java:156)
	at org.openqa.selenium.remote.service.DriverCommandExecutor.invokeExecute(DriverCommandExecutor.java:164)
	at org.openqa.selenium.remote.service.DriverCommandExecutor.execute(DriverCommandExecutor.java:139)
	at org.openqa.selenium.remote.RemoteWebDriver.execute(RemoteWebDriver.java:559)
	at org.openqa.selenium.remote.RemoteWebDriver.startSession(RemoteWebDriver.java:246)
	at org.openqa.selenium.remote.RemoteWebDriver.<init>(RemoteWebDriver.java:168)
	at org.openqa.selenium.chromium.ChromiumDriver.<init>(ChromiumDriver.java:108)
	at org.openqa.selenium.chrome.ChromeDriver.<init>(ChromeDriver.java:104)
	at org.openqa.selenium.chrome.ChromeDriver.<init>(ChromeDriver.java:91)
	at org.openqa.selenium.chrome.ChromeDriver.<init>(ChromeDriver.java:80)
	at steps.AlertSteps.setUp(AlertSteps.java:27)
]]></failure>
    </testcase>
    <testcase classname="Login functionality on The Internet" name="Successful login with valid credentials" time="0.72">
        <failure message="Could not start a new session. Response code 500. Message: session not created&#10;from unknown error: no chrome binary at /usr/bin/google-chrome&#10;Build info: version: '4.0.0', revision: '3a21814679'&#10;System info: host: 'codespaces-49cf94', ip: '127.0.0.1', os.name: 'Linux', os.arch: 'amd64', os.version: '6.8.0-1044-azure', java.version: '25.0.2'&#10;Driver info: org.openqa.selenium.chrome.ChromeDriver&#10;Command: [null, newSession {capabilities=[Capabilities {browserName: chrome, goog:chromeOptions: {args: [--headless, --no-sandbox], binary: /usr/bin/google-chrome, extensions: []}}], desiredCapabilities=Capabilities {browserName: chrome, goog:chromeOptions: {args: [--headless, --no-sandbox], binary: /usr/bin/google-chrome, extensions: []}}}]" type="org.openqa.selenium.SessionNotCreatedException"><![CDATA[Given the user is on the login page.........................................skipped
When the user enters username "tomsmith" and password "SuperSecretPassword!".skipped
And the user clicks the login button........................................skipped
Then the user should be redirected to the secure area.......................skipped
And a success "You logged into a secure area!" should be displayed..........skipped

StackTrace:
org.openqa.selenium.SessionNotCreatedException: Could not start a new session. Response code 500. Message: session not created
from unknown error: no chrome binary at /usr/bin/google-chrome
Build info: version: '4.0.0', revision: '3a21814679'
System info: host: 'codespaces-49cf94', ip: '127.0.0.1', os.name: 'Linux', os.arch: 'amd64', os.version: '6.8.0-1044-azure', java.version: '25.0.2'
Driver info: org.openqa.selenium.chrome.ChromeDriver
Command: [null, newSession {capabilities=[Capabilities {browserName: chrome, goog:chromeOptions: {args: [--headless, --no-sandbox], binary: /usr/bin/google-chrome, extensions: []}}], desiredCapabilities=Capabilities {browserName: chrome, goog:chromeOptions: {args: [--headless, --no-sandbox], binary: /usr/bin/google-chrome, extensions: []}}}]
	at org.openqa.selenium.remote.ProtocolHandshake.createSession(ProtocolHandshake.java:126)
	at org.openqa.selenium.remote.ProtocolHandshake.createSession(ProtocolHandshake.java:84)
	at org.openqa.selenium.remote.ProtocolHandshake.createSession(ProtocolHandshake.java:62)
	at org.openqa.selenium.remote.HttpCommandExecutor.execute(HttpCommandExecutor.java:156)
	at org.openqa.selenium.remote.service.DriverCommandExecutor.invokeExecute(DriverCommandExecutor.java:164)
	at org.openqa.selenium.remote.service.DriverCommandExecutor.execute(DriverCommandExecutor.java:139)
	at org.openqa.selenium.remote.RemoteWebDriver.execute(RemoteWebDriver.java:559)
	at org.openqa.selenium.remote.RemoteWebDriver.startSession(RemoteWebDriver.java:246)
	at org.openqa.selenium.remote.RemoteWebDriver.<init>(RemoteWebDriver.java:168)
	at org.openqa.selenium.chromium.ChromiumDriver.<init>(ChromiumDriver.java:108)
	at org.openqa.selenium.chrome.ChromeDriver.<init>(ChromeDriver.java:104)
	at org.openqa.selenium.chrome.ChromeDriver.<init>(ChromeDriver.java:91)
	at org.openqa.selenium.chrome.ChromeDriver.<init>(ChromeDriver.java:80)
	at steps.AlertSteps.setUp(AlertSteps.java:27)
]]></failure>
    </testcase>
    <testcase classname="Google Search" name="Search for a term" time="0.885">
        <failure message="Could not start a new session. Response code 500. Message: session not created&#10;from unknown error: no chrome binary at /usr/bin/google-chrome&#10;Build info: version: '4.0.0', revision: '3a21814679'&#10;System info: host: 'codespaces-49cf94', ip: '127.0.0.1', os.name: 'Linux', os.arch: 'amd64', os.version: '6.8.0-1044-azure', java.version: '25.0.2'&#10;Driver info: org.openqa.selenium.chrome.ChromeDriver&#10;Command: [null, newSession {capabilities=[Capabilities {browserName: chrome, goog:chromeOptions: {args: [--headless, --no-sandbox], binary: /usr/bin/google-chrome, extensions: []}}], desiredCapabilities=Capabilities {browserName: chrome, goog:chromeOptions: {args: [--headless, --no-sandbox], binary: /usr/bin/google-chrome, extensions: []}}}]" type="org.openqa.selenium.SessionNotCreatedException"><![CDATA[Given I am on the Google search page........................................skipped
When I search for "GitHub"..................................................skipped
Then I should see "GitHub" in the results...................................skipped

StackTrace:
org.openqa.selenium.SessionNotCreatedException: Could not start a new session. Response code 500. Message: session not created
from unknown error: no chrome binary at /usr/bin/google-chrome
Build info: version: '4.0.0', revision: '3a21814679'
System info: host: 'codespaces-49cf94', ip: '127.0.0.1', os.name: 'Linux', os.arch: 'amd64', os.version: '6.8.0-1044-azure', java.version: '25.0.2'
Driver info: org.openqa.selenium.chrome.ChromeDriver
Command: [null, newSession {capabilities=[Capabilities {browserName: chrome, goog:chromeOptions: {args: [--headless, --no-sandbox], binary: /usr/bin/google-chrome, extensions: []}}], desiredCapabilities=Capabilities {browserName: chrome, goog:chromeOptions: {args: [--headless, --no-sandbox], binary: /usr/bin/google-chrome, extensions: []}}}]
	at org.openqa.selenium.remote.ProtocolHandshake.createSession(ProtocolHandshake.java:126)
	at org.openqa.selenium.remote.ProtocolHandshake.createSession(ProtocolHandshake.java:84)
	at org.openqa.selenium.remote.ProtocolHandshake.createSession(ProtocolHandshake.java:62)
	at org.openqa.selenium.remote.HttpCommandExecutor.execute(HttpCommandExecutor.java:156)
	at org.openqa.selenium.remote.service.DriverCommandExecutor.invokeExecute(DriverCommandExecutor.java:164)
	at org.openqa.selenium.remote.service.DriverCommandExecutor.execute(DriverCommandExecutor.java:139)
	at org.openqa.selenium.remote.RemoteWebDriver.execute(RemoteWebDriver.java:559)
	at org.openqa.selenium.remote.RemoteWebDriver.startSession(RemoteWebDriver.java:246)
	at org.openqa.selenium.remote.RemoteWebDriver.<init>(RemoteWebDriver.java:168)
	at org.openqa.selenium.chromium.ChromiumDriver.<init>(ChromiumDriver.java:108)
	at org.openqa.selenium.chrome.ChromeDriver.<init>(ChromeDriver.java:104)
	at org.openqa.selenium.chrome.ChromeDriver.<init>(ChromeDriver.java:91)
	at org.openqa.selenium.chrome.ChromeDriver.<init>(ChromeDriver.java:80)
	at steps.AlertSteps.setUp(AlertSteps.java:27)
]]></failure>
    </testcase>
    <testcase classname="Inputs field" name="Enter a number" time="0.874">
        <failure message="Could not start a new session. Response code 500. Message: session not created&#10;from unknown error: no chrome binary at /usr/bin/google-chrome&#10;Build info: version: '4.0.0', revision: '3a21814679'&#10;System info: host: 'codespaces-49cf94', ip: '127.0.0.1', os.name: 'Linux', os.arch: 'amd64', os.version: '6.8.0-1044-azure', java.version: '25.0.2'&#10;Driver info: org.openqa.selenium.chrome.ChromeDriver&#10;Command: [null, newSession {capabilities=[Capabilities {browserName: chrome, goog:chromeOptions: {args: [--headless, --no-sandbox], binary: /usr/bin/google-chrome, extensions: []}}], desiredCapabilities=Capabilities {browserName: chrome, goog:chromeOptions: {args: [--headless, --no-sandbox], binary: /usr/bin/google-chrome, extensions: []}}}]" type="org.openqa.selenium.SessionNotCreatedException"><![CDATA[Given I open the inputs page................................................skipped
When I enter the number "10"................................................skipped
Then the input value should be "10".........................................skipped

StackTrace:
org.openqa.selenium.SessionNotCreatedException: Could not start a new session. Response code 500. Message: session not created
from unknown error: no chrome binary at /usr/bin/google-chrome
Build info: version: '4.0.0', revision: '3a21814679'
System info: host: 'codespaces-49cf94', ip: '127.0.0.1', os.name: 'Linux', os.arch: 'amd64', os.version: '6.8.0-1044-azure', java.version: '25.0.2'
Driver info: org.openqa.selenium.chrome.ChromeDriver
Command: [null, newSession {capabilities=[Capabilities {browserName: chrome, goog:chromeOptions: {args: [--headless, --no-sandbox], binary: /usr/bin/google-chrome, extensions: []}}], desiredCapabilities=Capabilities {browserName: chrome, goog:chromeOptions: {args: [--headless, --no-sandbox], binary: /usr/bin/google-chrome, extensions: []}}}]
	at org.openqa.selenium.remote.ProtocolHandshake.createSession(ProtocolHandshake.java:126)
	at org.openqa.selenium.remote.ProtocolHandshake.createSession(ProtocolHandshake.java:84)
	at org.openqa.selenium.remote.ProtocolHandshake.createSession(ProtocolHandshake.java:62)
	at org.openqa.selenium.remote.HttpCommandExecutor.execute(HttpCommandExecutor.java:156)
	at org.openqa.selenium.remote.service.DriverCommandExecutor.invokeExecute(DriverCommandExecutor.java:164)
	at org.openqa.selenium.remote.service.DriverCommandExecutor.execute(DriverCommandExecutor.java:139)
	at org.openqa.selenium.remote.RemoteWebDriver.execute(RemoteWebDriver.java:559)
	at org.openqa.selenium.remote.RemoteWebDriver.startSession(RemoteWebDriver.java:246)
	at org.openqa.selenium.remote.RemoteWebDriver.<init>(RemoteWebDriver.java:168)
	at org.openqa.selenium.chromium.ChromiumDriver.<init>(ChromiumDriver.java:108)
	at org.openqa.selenium.chrome.ChromeDriver.<init>(ChromeDriver.java:104)
	at org.openqa.selenium.chrome.ChromeDriver.<init>(ChromeDriver.java:91)
	at org.openqa.selenium.chrome.ChromeDriver.<init>(ChromeDriver.java:80)
	at steps.AlertSteps.setUp(AlertSteps.java:27)
]]></failure>
    </testcase>
</testsuite>
